<?xml version="1.0" encoding="UTF-8"?>
<testsuite name="de.komoot.photon.opensearch.UpdaterTest" tests="4" skipped="0" failures="0" errors="0" timestamp="2025-09-26T22:02:19.425Z" hostname="runnervm3ublj" time="1.928">
  <properties/>
  <testcase name="addExtraTagsToDoc()" classname="de.komoot.photon.opensearch.UpdaterTest" time="0.521"/>
  <testcase name="deleteDoc()" classname="de.komoot.photon.opensearch.UpdaterTest" time="0.467"/>
  <testcase name="addNameToDoc()" classname="de.komoot.photon.opensearch.UpdaterTest" time="0.459"/>
  <testcase name="removeNameFromDoc()" classname="de.komoot.photon.opensearch.UpdaterTest" time="0.48"/>
  <system-out><![CDATA[]]></system-out>
  <system-err><![CDATA[]]></system-err>
</testsuite>
