<?xml version="1.0" encoding="UTF-8"?>
<testsuite name="de.komoot.photon.api.ApiLanguagesTest" tests="3" skipped="0" failures="0" errors="0" timestamp="2025-09-26T22:02:13.897Z" hostname="runnervm3ublj" time="1.705">
  <properties/>
  <testcase name="testUseCommandLineLanguages()" classname="de.komoot.photon.api.ApiLanguagesTest" time="0.591"/>
  <testcase name="testOnlyImportSelectedLanguages()" classname="de.komoot.photon.api.ApiLanguagesTest" time="0.527"/>
  <testcase name="testUseImportLanguagesWhenNoOtherIsGiven()" classname="de.komoot.photon.api.ApiLanguagesTest" time="0.585"/>
  <system-out><![CDATA[]]></system-out>
  <system-err><![CDATA[]]></system-err>
</testsuite>
