<?xml version="1.0" encoding="UTF-8"?>
<testsuite name="de.komoot.photon.searcher.GeocodeJsonFormatterTest" tests="2" skipped="0" failures="0" errors="0" timestamp="2025-09-26T22:02:38.058Z" hostname="runnervm3ublj" time="0.006">
  <properties/>
  <testcase name="testConvertGeometryToGeojson()" classname="de.komoot.photon.searcher.GeocodeJsonFormatterTest" time="0.003"/>
  <testcase name="testConvertPointToGeojson()" classname="de.komoot.photon.searcher.GeocodeJsonFormatterTest" time="0.002"/>
  <system-out><![CDATA[]]></system-out>
  <system-err><![CDATA[]]></system-err>
</testsuite>
