<?xml version="1.0" encoding="UTF-8"?>
<testsuite name="de.komoot.photon.PhotonDocAddressSetTest" tests="12" skipped="0" failures="0" errors="0" timestamp="2025-09-26T22:01:58.639Z" hostname="runnervm3ublj" time="0.169">
  <properties/>
  <testcase name="testHousenumberList()" classname="de.komoot.photon.PhotonDocAddressSetTest" time="0.099"/>
  <testcase name="testConscriptionAddress()" classname="de.komoot.photon.PhotonDocAddressSetTest" time="0.002"/>
  <testcase name="testBlockAddress()" classname="de.komoot.photon.PhotonDocAddressSetTest" time="0.001"/>
  <testcase name="testSimpleHousenumber()" classname="de.komoot.photon.PhotonDocAddressSetTest" time="0.001"/>
  <testcase name="[1] 987987誰も住んでいないスーパーマーケット誰も住んでいないスーパーマーケット誰も住んでいないスーパーマーケット誰も住んでいないスーパーマーケット誰も住んでいないスーパーマーケット誰も住んでいないスーパーマーケット誰も住んでいないスーパーマーケット誰も住んでいないスーパーマーケット誰も住んでいないスーパーマー" classname="de.komoot.photon.PhotonDocAddressSetTest" time="0.012"/>
  <testcase name="[2] something bad" classname="de.komoot.photon.PhotonDocAddressSetTest" time="0.001"/>
  <testcase name="[3] 14, portsmith" classname="de.komoot.photon.PhotonDocAddressSetTest" time="0.001"/>
  <testcase name="testEmptyAddressUselessDocument()" classname="de.komoot.photon.PhotonDocAddressSetTest" time="0.001"/>
  <testcase name="testEmptyAddressUsefulDocument()" classname="de.komoot.photon.PhotonDocAddressSetTest" time="0.002"/>
  <testcase name="testIrrelevantAddressParts()" classname="de.komoot.photon.PhotonDocAddressSetTest" time="0.001"/>
  <testcase name="testPlaceAndStreetAddress()" classname="de.komoot.photon.PhotonDocAddressSetTest" time="0.001"/>
  <testcase name="testPlaceAddress()" classname="de.komoot.photon.PhotonDocAddressSetTest" time="0.001"/>
  <system-out><![CDATA[]]></system-out>
  <system-err><![CDATA[]]></system-err>
</testsuite>
