<?xml version="1.0" encoding="UTF-8"?>
<testsuite name="de.komoot.photon.opensearch.StructuredQueryTest" tests="11" skipped="0" failures="0" errors="0" timestamp="2025-09-26T22:02:19.053Z" hostname="runnervm3ublj" time="0.327">
  <properties/>
  <testcase name="returnsOnlyCountryForCountryRequests()" classname="de.komoot.photon.opensearch.StructuredQueryTest" time="0.016"/>
  <testcase name="testWrongStreet()" classname="de.komoot.photon.opensearch.StructuredQueryTest" time="0.078"/>
  <testcase name="testHouse()" classname="de.komoot.photon.opensearch.StructuredQueryTest" time="0.014"/>
  <testcase name="testWrongHouseNumber()" classname="de.komoot.photon.opensearch.StructuredQueryTest" time="0.054"/>
  <testcase name="findsDistrictFuzzy()" classname="de.komoot.photon.opensearch.StructuredQueryTest" time="0.041"/>
  <testcase name="testDistrictAsCity()" classname="de.komoot.photon.opensearch.StructuredQueryTest" time="0.01"/>
  <testcase name="doesNotReturnBusStops()" classname="de.komoot.photon.opensearch.StructuredQueryTest" time="0.03"/>
  <testcase name="testWrongHouseNumberAndWrongStreet()" classname="de.komoot.photon.opensearch.StructuredQueryTest" time="0.046"/>
  <testcase name="doesNotReturnHousesForCityRequest()" classname="de.komoot.photon.opensearch.StructuredQueryTest" time="0.01"/>
  <testcase name="findsDistrictByPostcode()" classname="de.komoot.photon.opensearch.StructuredQueryTest" time="0.012"/>
  <testcase name="findsHouseNumberInHamletWithoutStreetName()" classname="de.komoot.photon.opensearch.StructuredQueryTest" time="0.009"/>
  <system-out><![CDATA[]]></system-out>
  <system-err><![CDATA[]]></system-err>
</testsuite>
