<?xml version="1.0" encoding="UTF-8"?>
<testsuite name="de.komoot.photon.nominatim.NominatimUpdaterDBTest" tests="13" skipped="0" failures="0" errors="0" timestamp="2025-09-26T22:02:17.055Z" hostname="runnervm3ublj" time="0.18">
  <properties/>
  <testcase name="[1] placex" classname="de.komoot.photon.nominatim.NominatimUpdaterDBTest" time="0.023"/>
  <testcase name="[2] location_property_osmline" classname="de.komoot.photon.nominatim.NominatimUpdaterDBTest" time="0.008"/>
  <testcase name="testSimpleInsert()" classname="de.komoot.photon.nominatim.NominatimUpdaterDBTest" time="0.013"/>
  <testcase name="testUpdateRank30MoreHousenumbers()" classname="de.komoot.photon.nominatim.NominatimUpdaterDBTest" time="0.01"/>
  <testcase name="testUpdateSimpleRank30()" classname="de.komoot.photon.nominatim.NominatimUpdaterDBTest" time="0.019"/>
  <testcase name="testInsertUnknownCountry()" classname="de.komoot.photon.nominatim.NominatimUpdaterDBTest" time="0.01"/>
  <testcase name="testUpdateLowerRanksWithAddress()" classname="de.komoot.photon.nominatim.NominatimUpdaterDBTest" time="0.015"/>
  <testcase name="[1] placex" classname="de.komoot.photon.nominatim.NominatimUpdaterDBTest" time="0.007"/>
  <testcase name="[2] location_property_osmline" classname="de.komoot.photon.nominatim.NominatimUpdaterDBTest" time="0.007"/>
  <testcase name="testUpdatePlaceDisappearingAddressLine()" classname="de.komoot.photon.nominatim.NominatimUpdaterDBTest" time="0.014"/>
  <testcase name="testInsertInterpolation()" classname="de.komoot.photon.nominatim.NominatimUpdaterDBTest" time="0.011"/>
  <testcase name="testUpdatePlaceAddressAddressRank0()" classname="de.komoot.photon.nominatim.NominatimUpdaterDBTest" time="0.013"/>
  <testcase name="testUpdateWithDuplicatesDeleteLast()" classname="de.komoot.photon.nominatim.NominatimUpdaterDBTest" time="0.018"/>
  <system-out><![CDATA[]]></system-out>
  <system-err><![CDATA[]]></system-err>
</testsuite>
