<?xml version="1.0" encoding="UTF-8"?>
<testsuite name="de.komoot.photon.searcher.TagFilterTest" tests="13" skipped="0" failures="0" errors="0" timestamp="2025-09-26T22:02:38.068Z" hostname="runnervm3ublj" time="0.011">
  <properties/>
  <testcase name="[1] tourism, INCLUDE, tourism, null" classname="de.komoot.photon.searcher.TagFilterTest" time="0.0"/>
  <testcase name="[2] :information, INCLUDE, null, information" classname="de.komoot.photon.searcher.TagFilterTest" time="0.001"/>
  <testcase name="[3] shop:bakery, INCLUDE, shop, bakery" classname="de.komoot.photon.searcher.TagFilterTest" time="0.001"/>
  <testcase name="[4] !highway, EXCLUDE, highway, null" classname="de.komoot.photon.searcher.TagFilterTest" time="0.0"/>
  <testcase name="[5] !:path, EXCLUDE, null, path" classname="de.komoot.photon.searcher.TagFilterTest" time="0.0"/>
  <testcase name="[6] :!path, EXCLUDE, null, path" classname="de.komoot.photon.searcher.TagFilterTest" time="0.0"/>
  <testcase name="[7] !highway:path, EXCLUDE, highway, path" classname="de.komoot.photon.searcher.TagFilterTest" time="0.0"/>
  <testcase name="[8] !highway:!path, EXCLUDE, highway, path" classname="de.komoot.photon.searcher.TagFilterTest" time="0.0"/>
  <testcase name="[9] amenity:!post_box, EXCLUDE_VALUE, amenity, post_box" classname="de.komoot.photon.searcher.TagFilterTest" time="0.001"/>
  <testcase name="[1] " classname="de.komoot.photon.searcher.TagFilterTest" time="0.0"/>
  <testcase name="[2] :" classname="de.komoot.photon.searcher.TagFilterTest" time="0.0"/>
  <testcase name="[3] addr:housenumber:1" classname="de.komoot.photon.searcher.TagFilterTest" time="0.001"/>
  <testcase name="[4] shop:" classname="de.komoot.photon.searcher.TagFilterTest" time="0.001"/>
  <system-out><![CDATA[]]></system-out>
  <system-err><![CDATA[]]></system-err>
</testsuite>
