<?xml version="1.0" encoding="UTF-8"?>
<testsuite name="de.komoot.photon.opensearch.ImporterTest" tests="3" skipped="0" failures="0" errors="0" timestamp="2025-09-26T22:02:17.252Z" hostname="runnervm3ublj" time="1.368">
  <properties/>
  <testcase name="testAddSimpleDoc()" classname="de.komoot.photon.opensearch.ImporterTest" time="0.505"/>
  <testcase name="testAddHousenumberMultiDoc()" classname="de.komoot.photon.opensearch.ImporterTest" time="0.425"/>
  <testcase name="testSelectedExtraTagsCanBeIncluded()" classname="de.komoot.photon.opensearch.ImporterTest" time="0.437"/>
  <system-out><![CDATA[]]></system-out>
  <system-err><![CDATA[]]></system-err>
</testsuite>
