<?xml version="1.0" encoding="UTF-8"?>
<testsuite name="de.komoot.photon.json.JsonReaderTest" tests="20" skipped="0" failures="0" errors="0" timestamp="2025-09-26T22:02:16.436Z" hostname="runnervm3ublj" time="0.125">
  <properties/>
  <testcase name="testImportWithCountryInfo()" classname="de.komoot.photon.json.JsonReaderTest" time="0.033"/>
  <testcase name="testGoodHeader()" classname="de.komoot.photon.json.JsonReaderTest" time="0.013"/>
  <testcase name="testAddressFromAddressField()" classname="de.komoot.photon.json.JsonReaderTest" time="0.007"/>
  <testcase name="testAddressFromAddressLines()" classname="de.komoot.photon.json.JsonReaderTest" time="0.006"/>
  <testcase name="testSimpleImportCountryFilterPositive()" classname="de.komoot.photon.json.JsonReaderTest" time="0.006"/>
  <testcase name="testSimpleImportCountryFilterNegative()" classname="de.komoot.photon.json.JsonReaderTest" time="0.006"/>
  <testcase name="testSimpleImportDefault()" classname="de.komoot.photon.json.JsonReaderTest" time="0.007"/>
  <testcase name="testSimpleImportSomeExtraTagsPositive()" classname="de.komoot.photon.json.JsonReaderTest" time="0.006"/>
  <testcase name="testSimpleImportWithGeometry()" classname="de.komoot.photon.json.JsonReaderTest" time="0.005"/>
  <testcase name="testSimpleImportSomeExtraTagsNegative()" classname="de.komoot.photon.json.JsonReaderTest" time="0.005"/>
  <testcase name="[1] " classname="de.komoot.photon.json.JsonReaderTest" time="0.001"/>
  <testcase name="[2] {}" classname="de.komoot.photon.json.JsonReaderTest" time="0.0"/>
  <testcase name="[3] []" classname="de.komoot.photon.json.JsonReaderTest" time="0.001"/>
  <testcase name="[4] &quot;A String&quot;" classname="de.komoot.photon.json.JsonReaderTest" time="0.001"/>
  <testcase name="[5] 34" classname="de.komoot.photon.json.JsonReaderTest" time="0.001"/>
  <testcase name="[6] {&quot;content&quot;: {}}" classname="de.komoot.photon.json.JsonReaderTest" time="0.001"/>
  <testcase name="[7] {&quot;type&quot;: &quot;NominatimDumpFile&quot;}" classname="de.komoot.photon.json.JsonReaderTest" time="0.001"/>
  <testcase name="[8] {&quot;type&quot;:&quot;CountryInfo&quot;, &quot;content&quot;:{}}" classname="de.komoot.photon.json.JsonReaderTest" time="0.001"/>
  <testcase name="testSimpleImportAllExtraTags()" classname="de.komoot.photon.json.JsonReaderTest" time="0.005"/>
  <testcase name="testImportDocumentAsArray()" classname="de.komoot.photon.json.JsonReaderTest" time="0.009"/>
  <system-out><![CDATA[]]></system-out>
  <system-err><![CDATA[]]></system-err>
</testsuite>
