<?xml version="1.0" encoding="UTF-8"?>
<testsuite name="de.komoot.photon.api.ApiDedupeTest" tests="3" skipped="0" failures="0" errors="0" timestamp="2025-09-26T22:02:10.265Z" hostname="runnervm3ublj" time="0.137">
  <properties/>
  <testcase name="[1] /api?q=Pfanove&amp;dedupe=0" classname="de.komoot.photon.api.ApiDedupeTest" time="0.084"/>
  <testcase name="[1] /api?q=Pfanove" classname="de.komoot.photon.api.ApiDedupeTest" time="0.023"/>
  <testcase name="[2] /api?q=Pfanove&amp;dedupe=1" classname="de.komoot.photon.api.ApiDedupeTest" time="0.026"/>
  <system-out><![CDATA[]]></system-out>
  <system-err><![CDATA[]]></system-err>
</testsuite>
