<?xml version="1.0" encoding="UTF-8"?>
<testsuite name="de.komoot.photon.nominatim.model.NameMapTest" tests="4" skipped="0" failures="0" errors="0" timestamp="2025-09-26T22:02:17.248Z" hostname="runnervm3ublj" time="0.003">
  <properties/>
  <testcase name="[1] {name=ABC}, {default=ABC}" classname="de.komoot.photon.nominatim.model.NameMapTest" time="0.0"/>
  <testcase name="[2] {_place_name=CBA, name=ABC}, {default=CBA}" classname="de.komoot.photon.nominatim.model.NameMapTest" time="0.0"/>
  <testcase name="[3] {name=standard, name:ch=f, name:de:it=fooi, name:en=foo}, {default=standard, en=foo}" classname="de.komoot.photon.nominatim.model.NameMapTest" time="0.0"/>
  <testcase name="[4] {old_name=dis, name=this, alt_name=that}, {old=dis, default=this, alt=that}" classname="de.komoot.photon.nominatim.model.NameMapTest" time="0.0"/>
  <system-out><![CDATA[]]></system-out>
  <system-err><![CDATA[]]></system-err>
</testsuite>
