<?xml version="1.0" encoding="UTF-8"?>
<testsuite name="de.komoot.photon.query.QueryBasicSearchTest" tests="7" skipped="0" failures="0" errors="0" timestamp="2025-09-26T22:02:21.355Z" hostname="runnervm3ublj" time="4.567">
  <properties/>
  <testcase name="testSearchByNameAndAddress()" classname="de.komoot.photon.query.QueryBasicSearchTest" time="1.084"/>
  <testcase name="testSearchMustContainANameTerm()" classname="de.komoot.photon.query.QueryBasicSearchTest" time="0.662"/>
  <testcase name="testSearchWithHousenumberUnnamed()" classname="de.komoot.photon.query.QueryBasicSearchTest" time="0.455"/>
  <testcase name="testSearchWithHousenumberNamed()" classname="de.komoot.photon.query.QueryBasicSearchTest" time="0.488"/>
  <testcase name="testSearchNameSkipTerms()" classname="de.komoot.photon.query.QueryBasicSearchTest" time="0.682"/>
  <testcase name="testSearchByAlternativeNames()" classname="de.komoot.photon.query.QueryBasicSearchTest" time="0.577"/>
  <testcase name="testSearchByDefaultName()" classname="de.komoot.photon.query.QueryBasicSearchTest" time="0.616"/>
  <system-out><![CDATA[]]></system-out>
  <system-err><![CDATA[]]></system-err>
</testsuite>
