<?xml version="1.0" encoding="UTF-8"?>
<testsuite name="de.komoot.photon.api.ApiCorsTest" tests="15" skipped="0" failures="0" errors="0" timestamp="2025-09-26T22:02:07.144Z" hostname="runnervm3ublj" time="2.404">
  <properties/>
  <testcase name="[1] /api/?q=Berlin" classname="de.komoot.photon.api.ApiCorsTest" time="1.159"/>
  <testcase name="[2] /reverse/?lat=52.54714&amp;lon=13.39026" classname="de.komoot.photon.api.ApiCorsTest" time="0.209"/>
  <testcase name="[3] /status/" classname="de.komoot.photon.api.ApiCorsTest" time="0.113"/>
  <testcase name="[1] /api/?q=Berlin" classname="de.komoot.photon.api.ApiCorsTest" time="0.121"/>
  <testcase name="[2] /reverse/?lat=52.54714&amp;lon=13.39026" classname="de.komoot.photon.api.ApiCorsTest" time="0.07"/>
  <testcase name="[3] /status/" classname="de.komoot.photon.api.ApiCorsTest" time="0.059"/>
  <testcase name="[1] /api/?q=Berlin" classname="de.komoot.photon.api.ApiCorsTest" time="0.119"/>
  <testcase name="[2] /reverse/?lat=52.54714&amp;lon=13.39026" classname="de.komoot.photon.api.ApiCorsTest" time="0.082"/>
  <testcase name="[3] /status/" classname="de.komoot.photon.api.ApiCorsTest" time="0.065"/>
  <testcase name="[1] /api/?q=Berlin" classname="de.komoot.photon.api.ApiCorsTest" time="0.079"/>
  <testcase name="[2] /reverse/?lat=52.54714&amp;lon=13.39026" classname="de.komoot.photon.api.ApiCorsTest" time="0.063"/>
  <testcase name="[3] /status/" classname="de.komoot.photon.api.ApiCorsTest" time="0.053"/>
  <testcase name="[1] /api/?q=Berlin" classname="de.komoot.photon.api.ApiCorsTest" time="0.085"/>
  <testcase name="[2] /reverse/?lat=52.54714&amp;lon=13.39026" classname="de.komoot.photon.api.ApiCorsTest" time="0.055"/>
  <testcase name="[3] /status/" classname="de.komoot.photon.api.ApiCorsTest" time="0.053"/>
  <system-out><![CDATA[]]></system-out>
  <system-err><![CDATA[]]></system-err>
</testsuite>
