<?xml version="1.0" encoding="UTF-8"?>
<testsuite name="de.komoot.photon.nominatim.NominatimConnectorDBTest" tests="22" skipped="0" failures="0" errors="0" timestamp="2025-09-26T22:02:16.563Z" hostname="runnervm3ublj" time="0.486">
  <properties/>
  <testcase name="testNoCountry()" classname="de.komoot.photon.nominatim.NominatimConnectorDBTest" time="0.028"/>
  <testcase name="testGeometry()" classname="de.komoot.photon.nominatim.NominatimConnectorDBTest" time="0.027"/>
  <testcase name="testAddressMappingDuplicate()" classname="de.komoot.photon.nominatim.NominatimConnectorDBTest" time="0.027"/>
  <testcase name="testInterpolationPoint()" classname="de.komoot.photon.nominatim.NominatimConnectorDBTest" time="0.026"/>
  <testcase name="testPoiAddress()" classname="de.komoot.photon.nominatim.NominatimConnectorDBTest" time="0.025"/>
  <testcase name="testPreferPostcodeFromAddress()" classname="de.komoot.photon.nominatim.NominatimConnectorDBTest" time="0.025"/>
  <testcase name="testPlaceAddressAddressRank0()" classname="de.komoot.photon.nominatim.NominatimConnectorDBTest" time="0.022"/>
  <testcase name="testGetImportDate()" classname="de.komoot.photon.nominatim.NominatimConnectorDBTest" time="0.012"/>
  <testcase name="testUsePostcodeFromPlacex()" classname="de.komoot.photon.nominatim.NominatimConnectorDBTest" time="0.022"/>
  <testcase name="testPreferPostcodeFromPostcodeRelations()" classname="de.komoot.photon.nominatim.NominatimConnectorDBTest" time="0.022"/>
  <testcase name="testAddressMappingAvoidSameTypeAsPlace()" classname="de.komoot.photon.nominatim.NominatimConnectorDBTest" time="0.02"/>
  <testcase name="testPlaceAddressLineWithNoUsableName()" classname="de.komoot.photon.nominatim.NominatimConnectorDBTest" time="0.038"/>
  <testcase name="testObjectWithConscriptionNumber()" classname="de.komoot.photon.nominatim.NominatimConnectorDBTest" time="0.034"/>
  <testcase name="testUnnamedObjectWithHousenumberAndStreetAddress()" classname="de.komoot.photon.nominatim.NominatimConnectorDBTest" time="0.017"/>
  <testcase name="testSimpleNodeImport()" classname="de.komoot.photon.nominatim.NominatimConnectorDBTest" time="0.016"/>
  <testcase name="testUnnamedObjectWithOutHousenumber()" classname="de.komoot.photon.nominatim.NominatimConnectorDBTest" time="0.015"/>
  <testcase name="testObjectWithHousenumberList()" classname="de.komoot.photon.nominatim.NominatimConnectorDBTest" time="0.015"/>
  <testcase name="testInterpolationWithSteps()" classname="de.komoot.photon.nominatim.NominatimConnectorDBTest" time="0.017"/>
  <testcase name="testImportance()" classname="de.komoot.photon.nominatim.NominatimConnectorDBTest" time="0.018"/>
  <testcase name="testPlaceAddress()" classname="de.komoot.photon.nominatim.NominatimConnectorDBTest" time="0.02"/>
  <testcase name="testInterpolationAny()" classname="de.komoot.photon.nominatim.NominatimConnectorDBTest" time="0.02"/>
  <testcase name="testImportForSelectedCountries()" classname="de.komoot.photon.nominatim.NominatimConnectorDBTest" time="0.011"/>
  <system-out><![CDATA[]]></system-out>
  <system-err><![CDATA[]]></system-err>
</testsuite>
