<?xml version="1.0" encoding="UTF-8"?>
<testsuite name="de.komoot.photon.query.QueryByClassificationTest" tests="4" skipped="0" failures="0" errors="0" timestamp="2025-09-26T22:02:25.923Z" hostname="runnervm3ublj" time="2.427">
  <properties/>
  <testcase name="testSynonymDoNotInterfereWithWords()" classname="de.komoot.photon.query.QueryByClassificationTest" time="0.77"/>
  <testcase name="testQueryByClassificationString()" classname="de.komoot.photon.query.QueryByClassificationTest" time="0.397"/>
  <testcase name="testQueryByClassificationSynonym()" classname="de.komoot.photon.query.QueryByClassificationTest" time="0.631"/>
  <testcase name="testSameSynonymForDifferentTags()" classname="de.komoot.photon.query.QueryByClassificationTest" time="0.628"/>
  <system-out><![CDATA[]]></system-out>
  <system-err><![CDATA[]]></system-err>
</testsuite>
