<?xml version="1.0" encoding="UTF-8"?>
<testsuite name="de.komoot.photon.query.QueryFilterLayerTest" tests="4" skipped="0" failures="0" errors="0" timestamp="2025-09-26T22:02:33.026Z" hostname="runnervm3ublj" time="0.065">
  <properties/>
  <testcase name="testSearchSingleLayer()" classname="de.komoot.photon.query.QueryFilterLayerTest" time="0.01"/>
  <testcase name="testSearchMultipleLayers()" classname="de.komoot.photon.query.QueryFilterLayerTest" time="0.016"/>
  <testcase name="testReverseMultipleLayers()" classname="de.komoot.photon.query.QueryFilterLayerTest" time="0.021"/>
  <testcase name="testReverseSingleLayer()" classname="de.komoot.photon.query.QueryFilterLayerTest" time="0.017"/>
  <system-out><![CDATA[]]></system-out>
  <system-err><![CDATA[]]></system-err>
</testsuite>
