<?xml version="1.0" encoding="UTF-8"?>
<testsuite name="de.komoot.photon.api.ApiIntegrationTest" tests="89" skipped="0" failures="0" errors="0" timestamp="2025-09-26T22:02:11.071Z" hostname="runnervm3ublj" time="1.33">
  <properties/>
  <testcase name="[1] /api?q=Berlin" classname="de.komoot.photon.api.ApiIntegrationTest" time="0.065"/>
  <testcase name="[2] /reverse?lat=52.54714&amp;lon=13.39026" classname="de.komoot.photon.api.ApiIntegrationTest" time="0.025"/>
  <testcase name="[1] /api?q=Berlin" classname="de.komoot.photon.api.ApiIntegrationTest" time="0.031"/>
  <testcase name="[2] /reverse?lat=52.54714&amp;lon=13.39026" classname="de.komoot.photon.api.ApiIntegrationTest" time="0.025"/>
  <testcase name="[1] /api?q=Berlin" classname="de.komoot.photon.api.ApiIntegrationTest" time="0.112"/>
  <testcase name="[2] /reverse?lat=52.54714&amp;lon=13.39026" classname="de.komoot.photon.api.ApiIntegrationTest" time="0.022"/>
  <testcase name="[1] 9.6,52.3,9.8" classname="de.komoot.photon.api.ApiIntegrationTest" time="0.022"/>
  <testcase name="[2] 9.6,52.3,NaN,9.8" classname="de.komoot.photon.api.ApiIntegrationTest" time="0.005"/>
  <testcase name="[3] 9.6,52.3,-Infinity,9.8" classname="de.komoot.photon.api.ApiIntegrationTest" time="0.004"/>
  <testcase name="[4] 9.6,52.3,r34,9.8" classname="de.komoot.photon.api.ApiIntegrationTest" time="0.004"/>
  <testcase name="[5] 9.6,-92,9.8,14" classname="de.komoot.photon.api.ApiIntegrationTest" time="0.004"/>
  <testcase name="[6] 9.6,14,9.8,91" classname="de.komoot.photon.api.ApiIntegrationTest" time="0.004"/>
  <testcase name="[7] -181, 9, 4, 12" classname="de.komoot.photon.api.ApiIntegrationTest" time="0.003"/>
  <testcase name="[8] 12, 9, 181, 12" classname="de.komoot.photon.api.ApiIntegrationTest" time="0.003"/>
  <testcase name="[1] city, /api?q=berlin&amp;limit=1" classname="de.komoot.photon.api.ApiIntegrationTest" time="0.025"/>
  <testcase name="[2] suburb, /api?q=berlin&amp;limit=1&amp;lat=52.54714&amp;lon=13.39026&amp;zoom=16" classname="de.komoot.photon.api.ApiIntegrationTest" time="0.035"/>
  <testcase name="[3] city, /api?q=berlin&amp;limit=1&amp;lat=52.54714&amp;lon=13.39026&amp;zoom=12&amp;location_bias_scale=0.6" classname="de.komoot.photon.api.ApiIntegrationTest" time="0.024"/>
  <testcase name="[4] city, /reverse/?lon=13.38886&amp;lat=52.51704" classname="de.komoot.photon.api.ApiIntegrationTest" time="0.021"/>
  <testcase name="[1] /api?q=Berlin" classname="de.komoot.photon.api.ApiIntegrationTest" time="0.005"/>
  <testcase name="[2] /reverse?lat=52.54714&amp;lon=13.39026" classname="de.komoot.photon.api.ApiIntegrationTest" time="0.003"/>
  <testcase name="[1] /api?q=Berlin" classname="de.komoot.photon.api.ApiIntegrationTest" time="0.04"/>
  <testcase name="[2] /reverse?lat=52.54714&amp;lon=13.39026" classname="de.komoot.photon.api.ApiIntegrationTest" time="0.024"/>
  <testcase name="[1] /api?q=Berlin" classname="de.komoot.photon.api.ApiIntegrationTest" time="0.003"/>
  <testcase name="[2] /reverse?lat=52.54714&amp;lon=13.39026" classname="de.komoot.photon.api.ApiIntegrationTest" time="0.004"/>
  <testcase name="[1] /api?q=Berlin" classname="de.komoot.photon.api.ApiIntegrationTest" time="0.047"/>
  <testcase name="[2] /reverse?lat=52.54714&amp;lon=13.39026" classname="de.komoot.photon.api.ApiIntegrationTest" time="0.046"/>
  <testcase name="[1] lat=52.54714" classname="de.komoot.photon.api.ApiIntegrationTest" time="0.006"/>
  <testcase name="[2] lon=13.39026" classname="de.komoot.photon.api.ApiIntegrationTest" time="0.003"/>
  <testcase name="[3] lat=52.54714&amp;lon=NaN" classname="de.komoot.photon.api.ApiIntegrationTest" time="0.004"/>
  <testcase name="[4] lat=Nan&amp;lon=13.39026" classname="de.komoot.photon.api.ApiIntegrationTest" time="0.004"/>
  <testcase name="[5] lat=52.54714&amp;lon=bad" classname="de.komoot.photon.api.ApiIntegrationTest" time="0.003"/>
  <testcase name="[6] lat=bad&amp;lon=13.39026" classname="de.komoot.photon.api.ApiIntegrationTest" time="0.003"/>
  <testcase name="[7] lat=52.54714&amp;lon=Infinity" classname="de.komoot.photon.api.ApiIntegrationTest" time="0.003"/>
  <testcase name="[8] lat=Infinity&amp;lon=13.39026" classname="de.komoot.photon.api.ApiIntegrationTest" time="0.007"/>
  <testcase name="[9] lat=52.54714&amp;lon=-Infinity" classname="de.komoot.photon.api.ApiIntegrationTest" time="0.003"/>
  <testcase name="[10] lat=-Infinity&amp;lon=13.39026" classname="de.komoot.photon.api.ApiIntegrationTest" time="0.003"/>
  <testcase name="[11] lat=52.54714&amp;lon=" classname="de.komoot.photon.api.ApiIntegrationTest" time="0.003"/>
  <testcase name="[12] lat=&amp;lon=13.39026" classname="de.komoot.photon.api.ApiIntegrationTest" time="0.003"/>
  <testcase name="[13] lat=52.54714&amp;lon=180.01" classname="de.komoot.photon.api.ApiIntegrationTest" time="0.004"/>
  <testcase name="[14] lat=90.01&amp;lon=13.39026" classname="de.komoot.photon.api.ApiIntegrationTest" time="0.003"/>
  <testcase name="[15] lat=52.54714&amp;lon=-180.01" classname="de.komoot.photon.api.ApiIntegrationTest" time="0.002"/>
  <testcase name="[16] lat=-90.01&amp;lon=13.39026" classname="de.komoot.photon.api.ApiIntegrationTest" time="0.003"/>
  <testcase name="[1] /api?q=Berlin" classname="de.komoot.photon.api.ApiIntegrationTest" time="0.021"/>
  <testcase name="[2] /reverse?lat=52.54714&amp;lon=13.39026" classname="de.komoot.photon.api.ApiIntegrationTest" time="0.024"/>
  <testcase name="testApiStatus()" classname="de.komoot.photon.api.ApiIntegrationTest" time="0.016"/>
  <testcase name="[1] bad" classname="de.komoot.photon.api.ApiIntegrationTest" time="0.003"/>
  <testcase name="[2] NaN" classname="de.komoot.photon.api.ApiIntegrationTest" time="0.005"/>
  <testcase name="[1] /api?q=Berlin" classname="de.komoot.photon.api.ApiIntegrationTest" time="0.025"/>
  <testcase name="[2] /reverse?lat=52.54714&amp;lon=13.39026" classname="de.komoot.photon.api.ApiIntegrationTest" time="0.021"/>
  <testcase name="[1] /api?q=Berlin" classname="de.komoot.photon.api.ApiIntegrationTest" time="0.026"/>
  <testcase name="[2] /reverse?lat=52.54714&amp;lon=13.39026" classname="de.komoot.photon.api.ApiIntegrationTest" time="0.017"/>
  <testcase name="[1] /api?q=Berlin" classname="de.komoot.photon.api.ApiIntegrationTest" time="0.02"/>
  <testcase name="[2] /reverse?lat=52.54714&amp;lon=13.39026" classname="de.komoot.photon.api.ApiIntegrationTest" time="0.018"/>
  <testcase name="testSearchMissingQuery()" classname="de.komoot.photon.api.ApiIntegrationTest" time="0.002"/>
  <testcase name="[1] /api?q=Berlin" classname="de.komoot.photon.api.ApiIntegrationTest" time="0.059"/>
  <testcase name="[2] /reverse?lat=52.54714&amp;lon=13.39026" classname="de.komoot.photon.api.ApiIntegrationTest" time="0.018"/>
  <testcase name="[1] /api?q=Berlin" classname="de.komoot.photon.api.ApiIntegrationTest" time="0.023"/>
  <testcase name="[2] /reverse?lat=52.54714&amp;lon=13.39026" classname="de.komoot.photon.api.ApiIntegrationTest" time="0.017"/>
  <testcase name="[1] bad" classname="de.komoot.photon.api.ApiIntegrationTest" time="0.002"/>
  <testcase name="[2] NaN" classname="de.komoot.photon.api.ApiIntegrationTest" time="0.002"/>
  <testcase name="[3] 0.0" classname="de.komoot.photon.api.ApiIntegrationTest" time="0.018"/>
  <testcase name="[4] -10.0" classname="de.komoot.photon.api.ApiIntegrationTest" time="0.007"/>
  <testcase name="[1] /api?q=Berlin" classname="de.komoot.photon.api.ApiIntegrationTest" time="0.021"/>
  <testcase name="[2] /reverse?lat=52.54714&amp;lon=13.39026" classname="de.komoot.photon.api.ApiIntegrationTest" time="0.02"/>
  <testcase name="[1] /api?q=Berlin" classname="de.komoot.photon.api.ApiIntegrationTest" time="0.003"/>
  <testcase name="[2] /reverse?lat=52.54714&amp;lon=13.39026" classname="de.komoot.photon.api.ApiIntegrationTest" time="0.003"/>
  <testcase name="[1] /api?q=Berlin" classname="de.komoot.photon.api.ApiIntegrationTest" time="0.021"/>
  <testcase name="[2] /reverse?lat=52.54714&amp;lon=13.39026" classname="de.komoot.photon.api.ApiIntegrationTest" time="0.016"/>
  <testcase name="[1] /api?q=Berlin" classname="de.komoot.photon.api.ApiIntegrationTest" time="0.004"/>
  <testcase name="[2] /reverse?lat=52.54714&amp;lon=13.39026" classname="de.komoot.photon.api.ApiIntegrationTest" time="0.004"/>
  <testcase name="[1] /api?q=Berlin" classname="de.komoot.photon.api.ApiIntegrationTest" time="0.022"/>
  <testcase name="[2] /reverse?lat=52.54714&amp;lon=13.39026" classname="de.komoot.photon.api.ApiIntegrationTest" time="0.025"/>
  <testcase name="[1] lat=52.54714" classname="de.komoot.photon.api.ApiIntegrationTest" time="0.002"/>
  <testcase name="[2] lon=13.39026" classname="de.komoot.photon.api.ApiIntegrationTest" time="0.003"/>
  <testcase name="[3] radius=1.0" classname="de.komoot.photon.api.ApiIntegrationTest" time="0.002"/>
  <testcase name="[4] lat=52.54714&amp;lon=NaN" classname="de.komoot.photon.api.ApiIntegrationTest" time="0.002"/>
  <testcase name="[5] lat=Nan&amp;lon=13.39026" classname="de.komoot.photon.api.ApiIntegrationTest" time="0.002"/>
  <testcase name="[6] lat=52.54714&amp;lon=bad" classname="de.komoot.photon.api.ApiIntegrationTest" time="0.003"/>
  <testcase name="[7] lat=bad&amp;lon=13.39026" classname="de.komoot.photon.api.ApiIntegrationTest" time="0.003"/>
  <testcase name="[8] lat=52.54714&amp;lon=Infinity" classname="de.komoot.photon.api.ApiIntegrationTest" time="0.003"/>
  <testcase name="[9] lat=Infinity&amp;lon=13.39026" classname="de.komoot.photon.api.ApiIntegrationTest" time="0.002"/>
  <testcase name="[10] lat=52.54714&amp;lon=-Infinity" classname="de.komoot.photon.api.ApiIntegrationTest" time="0.002"/>
  <testcase name="[11] lat=-Infinity&amp;lon=13.39026" classname="de.komoot.photon.api.ApiIntegrationTest" time="0.003"/>
  <testcase name="[12] lat=52.54714&amp;lon=" classname="de.komoot.photon.api.ApiIntegrationTest" time="0.003"/>
  <testcase name="[13] lat=&amp;lon=13.39026" classname="de.komoot.photon.api.ApiIntegrationTest" time="0.003"/>
  <testcase name="[14] lat=52.54714&amp;lon=180.01" classname="de.komoot.photon.api.ApiIntegrationTest" time="0.002"/>
  <testcase name="[15] lat=90.01&amp;lon=13.39026" classname="de.komoot.photon.api.ApiIntegrationTest" time="0.003"/>
  <testcase name="[16] lat=52.54714&amp;lon=-180.01" classname="de.komoot.photon.api.ApiIntegrationTest" time="0.003"/>
  <testcase name="[17] lat=-90.01&amp;lon=13.39026" classname="de.komoot.photon.api.ApiIntegrationTest" time="0.002"/>
  <system-out><![CDATA[]]></system-out>
  <system-err><![CDATA[]]></system-err>
</testsuite>
