<?xml version="1.0" encoding="UTF-8"?>
<testsuite name="de.komoot.photon.PhotonDocTest" tests="3" skipped="0" failures="0" errors="0" timestamp="2025-09-26T22:01:59.841Z" hostname="runnervm3ublj" time="0.009">
  <properties/>
  <testcase name="testAddCountryCode()" classname="de.komoot.photon.PhotonDocTest" time="0.0"/>
  <testcase name="testCompleteAddressOverwritesStreet()" classname="de.komoot.photon.PhotonDocTest" time="0.006"/>
  <testcase name="testCompleteAddressCreatesStreetIfNonExistantBefore()" classname="de.komoot.photon.PhotonDocTest" time="0.001"/>
  <system-out><![CDATA[]]></system-out>
  <system-err><![CDATA[]]></system-err>
</testsuite>
