<?xml version="1.0" encoding="UTF-8"?>
<testsuite name="de.komoot.photon.nominatim.model.ContextMapTest" tests="3" skipped="0" failures="0" errors="0" timestamp="2025-09-26T22:02:17.241Z" hostname="runnervm3ublj" time="0.003">
  <properties/>
  <testcase name="testAddName()" classname="de.komoot.photon.nominatim.model.ContextMapTest" time="0.001"/>
  <testcase name="testAddFromSimpleMap()" classname="de.komoot.photon.nominatim.model.ContextMapTest" time="0.001"/>
  <testcase name="testAddFromContextMap()" classname="de.komoot.photon.nominatim.model.ContextMapTest" time="0.001"/>
  <system-out><![CDATA[]]></system-out>
  <system-err><![CDATA[]]></system-err>
</testsuite>
