<?xml version="1.0" encoding="UTF-8"?>
<testsuite name="de.komoot.photon.json.JsonDumperTest" tests="11" skipped="0" failures="0" errors="0" timestamp="2025-09-26T22:02:15.604Z" hostname="runnervm3ublj" time="0.829">
  <properties/>
  <testcase name="testExtraTagsDisabled()" classname="de.komoot.photon.json.JsonDumperTest" time="0.505"/>
  <testcase name="testInterpolationExport()" classname="de.komoot.photon.json.JsonDumperTest" time="0.043"/>
  <testcase name="testGeometryAsGeometry()" classname="de.komoot.photon.json.JsonDumperTest" time="0.04"/>
  <testcase name="testHeaderOutput()" classname="de.komoot.photon.json.JsonDumperTest" time="0.015"/>
  <testcase name="testExportOfContext()" classname="de.komoot.photon.json.JsonDumperTest" time="0.04"/>
  <testcase name="testGeometryAsCentroid()" classname="de.komoot.photon.json.JsonDumperTest" time="0.033"/>
  <testcase name="testExportForSelectedCountries()" classname="de.komoot.photon.json.JsonDumperTest" time="0.022"/>
  <testcase name="testSimpleObjectDump()" classname="de.komoot.photon.json.JsonDumperTest" time="0.029"/>
  <testcase name="testExtraTagsAll()" classname="de.komoot.photon.json.JsonDumperTest" time="0.029"/>
  <testcase name="testExtraTagsSome()" classname="de.komoot.photon.json.JsonDumperTest" time="0.031"/>
  <testcase name="testPlaceAddress()" classname="de.komoot.photon.json.JsonDumperTest" time="0.04"/>
  <system-out><![CDATA[]]></system-out>
  <system-err><![CDATA[]]></system-err>
</testsuite>
