<?xml version="1.0" encoding="UTF-8"?>
<testsuite name="de.komoot.photon.query.QueryGeometryTest" tests="2" skipped="0" failures="0" errors="0" timestamp="2025-09-26T22:02:34.039Z" hostname="runnervm3ublj" time="0.851">
  <properties/>
  <testcase name="testSearchGetLineString()" classname="de.komoot.photon.query.QueryGeometryTest" time="0.382"/>
  <testcase name="testSearchGetPolygon()" classname="de.komoot.photon.query.QueryGeometryTest" time="0.469"/>
  <system-out><![CDATA[]]></system-out>
  <system-err><![CDATA[]]></system-err>
</testsuite>
