<?xml version="1.0" encoding="UTF-8"?>
<testsuite name="de.komoot.photon.query.QueryReverseTest" tests="5" skipped="0" failures="0" errors="0" timestamp="2025-09-26T22:02:37.989Z" hostname="runnervm3ublj" time="0.044">
  <properties/>
  <testcase name="[1] 2" classname="de.komoot.photon.query.QueryReverseTest" time="0.01"/>
  <testcase name="[2] 3" classname="de.komoot.photon.query.QueryReverseTest" time="0.007"/>
  <testcase name="[3] 10" classname="de.komoot.photon.query.QueryReverseTest" time="0.006"/>
  <testcase name="testDefaultLimitIsOne()" classname="de.komoot.photon.query.QueryReverseTest" time="0.006"/>
  <testcase name="testReverse()" classname="de.komoot.photon.query.QueryReverseTest" time="0.011"/>
  <system-out><![CDATA[]]></system-out>
  <system-err><![CDATA[]]></system-err>
</testsuite>
