<?xml version="1.0" encoding="UTF-8"?>
<testsuite name="de.komoot.photon.api.ApiLanguageSelectionTest" tests="14" skipped="0" failures="0" errors="0" timestamp="2025-09-26T22:02:12.995Z" hostname="runnervm3ublj" time="0.865">
  <properties/>
  <testcase name="[1] /api?q=this" classname="de.komoot.photon.api.ApiLanguageSelectionTest" time="0.052"/>
  <testcase name="[2] /reverse?lat=2.0&amp;lon=34.0" classname="de.komoot.photon.api.ApiLanguageSelectionTest" time="0.05"/>
  <testcase name="[1] /api?q=this" classname="de.komoot.photon.api.ApiLanguageSelectionTest" time="0.068"/>
  <testcase name="[2] /reverse?lat=2.0&amp;lon=34.0" classname="de.komoot.photon.api.ApiLanguageSelectionTest" time="0.056"/>
  <testcase name="[1] /api?q=this" classname="de.komoot.photon.api.ApiLanguageSelectionTest" time="0.039"/>
  <testcase name="[2] /reverse?lat=2.0&amp;lon=34.0" classname="de.komoot.photon.api.ApiLanguageSelectionTest" time="0.036"/>
  <testcase name="[1] /api?q=this" classname="de.komoot.photon.api.ApiLanguageSelectionTest" time="0.118"/>
  <testcase name="[2] /reverse?lat=2.0&amp;lon=34.0" classname="de.komoot.photon.api.ApiLanguageSelectionTest" time="0.109"/>
  <testcase name="[1] /api?q=this" classname="de.komoot.photon.api.ApiLanguageSelectionTest" time="0.05"/>
  <testcase name="[2] /reverse?lat=2.0&amp;lon=34.0" classname="de.komoot.photon.api.ApiLanguageSelectionTest" time="0.042"/>
  <testcase name="[1] /api?q=this" classname="de.komoot.photon.api.ApiLanguageSelectionTest" time="0.072"/>
  <testcase name="[2] /reverse?lat=2.0&amp;lon=34.0" classname="de.komoot.photon.api.ApiLanguageSelectionTest" time="0.075"/>
  <testcase name="[1] /api?q=this" classname="de.komoot.photon.api.ApiLanguageSelectionTest" time="0.04"/>
  <testcase name="[2] /reverse?lat=2.0&amp;lon=34.0" classname="de.komoot.photon.api.ApiLanguageSelectionTest" time="0.039"/>
  <system-out><![CDATA[]]></system-out>
  <system-err><![CDATA[]]></system-err>
</testsuite>
