<?xml version="1.0" encoding="UTF-8"?>
<testsuite name="de.komoot.photon.searcher.StreetDupesRemoverTest" tests="2" skipped="0" failures="0" errors="0" timestamp="2025-09-26T22:02:38.065Z" hostname="runnervm3ublj" time="0.001">
  <properties/>
  <testcase name="testDeduplicatesStreets()" classname="de.komoot.photon.searcher.StreetDupesRemoverTest" time="0.0"/>
  <testcase name="testStreetAndBusStopNotDeduplicated()" classname="de.komoot.photon.searcher.StreetDupesRemoverTest" time="0.001"/>
  <system-out><![CDATA[]]></system-out>
  <system-err><![CDATA[]]></system-err>
</testsuite>
