<?xml version="1.0" encoding="UTF-8"?>
<testsuite name="de.komoot.photon.query.QueryFilterTagValueTest" tests="34" skipped="0" failures="0" errors="0" timestamp="2025-09-26T22:02:33.547Z" hostname="runnervm3ublj" time="0.458">
  <properties/>
  <testcase name="[1] tourism:attraction, 2" classname="de.komoot.photon.query.QueryFilterTagValueTest" time="0.012"/>
  <testcase name="[2] :attraction, 2" classname="de.komoot.photon.query.QueryFilterTagValueTest" time="0.01"/>
  <testcase name="[3] :information, 6" classname="de.komoot.photon.query.QueryFilterTagValueTest" time="0.011"/>
  <testcase name="[4] tourism, 8" classname="de.komoot.photon.query.QueryFilterTagValueTest" time="0.013"/>
  <testcase name="[5] !tourism:attraction, 16" classname="de.komoot.photon.query.QueryFilterTagValueTest" time="0.014"/>
  <testcase name="[6] :!information, 12" classname="de.komoot.photon.query.QueryFilterTagValueTest" time="0.015"/>
  <testcase name="[7] !tourism, 10" classname="de.komoot.photon.query.QueryFilterTagValueTest" time="0.015"/>
  <testcase name="[8] tourism:!information, 6" classname="de.komoot.photon.query.QueryFilterTagValueTest" time="0.011"/>
  <testcase name="[1] tourism:attraction, 2" classname="de.komoot.photon.query.QueryFilterTagValueTest" time="0.017"/>
  <testcase name="[2] :attraction, 2" classname="de.komoot.photon.query.QueryFilterTagValueTest" time="0.011"/>
  <testcase name="[3] :information, 6" classname="de.komoot.photon.query.QueryFilterTagValueTest" time="0.011"/>
  <testcase name="[4] tourism, 8" classname="de.komoot.photon.query.QueryFilterTagValueTest" time="0.013"/>
  <testcase name="[5] !tourism:attraction, 16" classname="de.komoot.photon.query.QueryFilterTagValueTest" time="0.014"/>
  <testcase name="[6] :!information, 12" classname="de.komoot.photon.query.QueryFilterTagValueTest" time="0.014"/>
  <testcase name="[7] !tourism, 10" classname="de.komoot.photon.query.QueryFilterTagValueTest" time="0.014"/>
  <testcase name="[8] tourism:!information, 6" classname="de.komoot.photon.query.QueryFilterTagValueTest" time="0.013"/>
  <testcase name="[1] [food, amenity], 8" classname="de.komoot.photon.query.QueryFilterTagValueTest" time="0.012"/>
  <testcase name="[2] [:parking, :museum], 4" classname="de.komoot.photon.query.QueryFilterTagValueTest" time="0.012"/>
  <testcase name="[3] [food, :information], 6" classname="de.komoot.photon.query.QueryFilterTagValueTest" time="0.013"/>
  <testcase name="[4] [!tourism, !amenity], 4" classname="de.komoot.photon.query.QueryFilterTagValueTest" time="0.011"/>
  <testcase name="[5] [tourism, !amenity], 8" classname="de.komoot.photon.query.QueryFilterTagValueTest" time="0.012"/>
  <testcase name="[6] [:information, !amenity], 4" classname="de.komoot.photon.query.QueryFilterTagValueTest" time="0.014"/>
  <testcase name="[7] [tourism:!information, food], 8" classname="de.komoot.photon.query.QueryFilterTagValueTest" time="0.015"/>
  <testcase name="[8] [tourism:!information, tourism:!hotel], 8" classname="de.komoot.photon.query.QueryFilterTagValueTest" time="0.017"/>
  <testcase name="[9] [tourism, !:information, food], 6" classname="de.komoot.photon.query.QueryFilterTagValueTest" time="0.016"/>
  <testcase name="[1] [food, amenity], 8" classname="de.komoot.photon.query.QueryFilterTagValueTest" time="0.011"/>
  <testcase name="[2] [:parking, :museum], 4" classname="de.komoot.photon.query.QueryFilterTagValueTest" time="0.011"/>
  <testcase name="[3] [food, :information], 6" classname="de.komoot.photon.query.QueryFilterTagValueTest" time="0.011"/>
  <testcase name="[4] [!tourism, !amenity], 4" classname="de.komoot.photon.query.QueryFilterTagValueTest" time="0.01"/>
  <testcase name="[5] [tourism, !amenity], 8" classname="de.komoot.photon.query.QueryFilterTagValueTest" time="0.011"/>
  <testcase name="[6] [:information, !amenity], 4" classname="de.komoot.photon.query.QueryFilterTagValueTest" time="0.01"/>
  <testcase name="[7] [tourism:!information, food], 8" classname="de.komoot.photon.query.QueryFilterTagValueTest" time="0.011"/>
  <testcase name="[8] [tourism:!information, tourism:!hotel], 8" classname="de.komoot.photon.query.QueryFilterTagValueTest" time="0.013"/>
  <testcase name="[9] [tourism, !:information, food], 6" classname="de.komoot.photon.query.QueryFilterTagValueTest" time="0.011"/>
  <system-out><![CDATA[]]></system-out>
  <system-err><![CDATA[]]></system-err>
</testsuite>
